nohup: ignoring input
INFO:     Will watch for changes in these directories: ['/home/lzfdd/fund_web/fund_web/app']
INFO:     Uvicorn running on http://127.0.0.1:8000 (Press CTRL+C to quit)
INFO:     Started reloader process [33107] using StatReload
ERROR:    Error loading ASGI app. Could not import module "app".
WARNING:  StatReload detected changes in 'schemas/user.py'. Reloading...
ERROR:    Error loading ASGI app. Could not import module "app".
WARNING:  StatReload detected changes in 'schemas/user.py'. Reloading...
ERROR:    Error loading ASGI app. Could not import module "app".
WARNING:  StatReload detected changes in 'crud/user.py'. Reloading...
ERROR:    Error loading ASGI app. Could not import module "app".
WARNING:  StatReload detected changes in 'schemas/user.py'. Reloading...
ERROR:    Error loading ASGI app. Could not import module "app".
WARNING:  StatReload detected changes in 'crud/user.py'. Reloading...
ERROR:    Error loading ASGI app. Could not import module "app".
WARNING:  StatReload detected changes in 'crud/user.py'. Reloading...
ERROR:    Error loading ASGI app. Could not import module "app".
WARNING:  StatReload detected changes in 'crud/user.py'. Reloading...
ERROR:    Error loading ASGI app. Could not import module "app".
WARNING:  StatReload detected changes in 'crud/user.py'. Reloading...
ERROR:    Error loading ASGI app. Could not import module "app".
WARNING:  StatReload detected changes in 'main.py'. Reloading...
ERROR:    Error loading ASGI app. Could not import module "app".
WARNING:  StatReload detected changes in 'routers/funds.py'. Reloading...
ERROR:    Error loading ASGI app. Could not import module "app".
WARNING:  StatReload detected changes in 'routers/funds.py'. Reloading...
ERROR:    Error loading ASGI app. Could not import module "app".
WARNING:  StatReload detected changes in 'routers/funds.py'. Reloading...
ERROR:    Error loading ASGI app. Could not import module "app".
WARNING:  StatReload detected changes in 'routers/funds.py'. Reloading...
ERROR:    Error loading ASGI app. Could not import module "app".
WARNING:  StatReload detected changes in 'routers/funds.py'. Reloading...
ERROR:    Error loading ASGI app. Could not import module "app".
WARNING:  StatReload detected changes in 'routers/funds.py'. Reloading...
ERROR:    Error loading ASGI app. Could not import module "app".
WARNING:  StatReload detected changes in 'routers/funds.py'. Reloading...
ERROR:    Error loading ASGI app. Could not import module "app".
WARNING:  StatReload detected changes in 'routers/funds.py'. Reloading...
ERROR:    Error loading ASGI app. Could not import module "app".
WARNING:  StatReload detected changes in 'routers/funds.py'. Reloading...
ERROR:    Error loading ASGI app. Could not import module "app".
WARNING:  StatReload detected changes in 'routers/funds.py'. Reloading...
ERROR:    Error loading ASGI app. Could not import module "app".
WARNING:  StatReload detected changes in 'routers/funds.py'. Reloading...
ERROR:    Error loading ASGI app. Could not import module "app".
WARNING:  StatReload detected changes in 'routers/funds.py'. Reloading...
ERROR:    Error loading ASGI app. Could not import module "app".
WARNING:  StatReload detected changes in 'routers/funds.py'. Reloading...
ERROR:    Error loading ASGI app. Could not import module "app".
WARNING:  StatReload detected changes in 'utils/fund_data_manager.py'. Reloading...
ERROR:    Error loading ASGI app. Could not import module "app".
WARNING:  StatReload detected changes in 'routers/funds.py'. Reloading...
ERROR:    Error loading ASGI app. Could not import module "app".
WARNING:  StatReload detected changes in 'routers/funds.py'. Reloading...
ERROR:    Error loading ASGI app. Could not import module "app".
WARNING:  StatReload detected changes in 'routers/funds.py'. Reloading...
ERROR:    Error loading ASGI app. Could not import module "app".
WARNING:  StatReload detected changes in 'routers/funds.py'. Reloading...
ERROR:    Error loading ASGI app. Could not import module "app".
WARNING:  StatReload detected changes in 'routers/funds.py'. Reloading...
ERROR:    Error loading ASGI app. Could not import module "app".
WARNING:  StatReload detected changes in 'routers/funds.py'. Reloading...
ERROR:    Error loading ASGI app. Could not import module "app".
WARNING:  StatReload detected changes in 'crud/user.py'. Reloading...
ERROR:    Error loading ASGI app. Could not import module "app".
WARNING:  StatReload detected changes in 'routers/funds.py'. Reloading...
ERROR:    Error loading ASGI app. Could not import module "app".
WARNING:  StatReload detected changes in 'utils/fund_calculator.py'. Reloading...
ERROR:    Error loading ASGI app. Could not import module "app".
WARNING:  StatReload detected changes in 'utils/fund_calculator.py'. Reloading...
ERROR:    Error loading ASGI app. Could not import module "app".
WARNING:  StatReload detected changes in 'utils/fund_calculator.py'. Reloading...
ERROR:    Error loading ASGI app. Could not import module "app".
WARNING:  StatReload detected changes in 'schemas/user.py'. Reloading...
ERROR:    Error loading ASGI app. Could not import module "app".
WARNING:  StatReload detected changes in 'routers/funds.py'. Reloading...
ERROR:    Error loading ASGI app. Could not import module "app".
WARNING:  StatReload detected changes in 'routers/funds.py'. Reloading...
ERROR:    Error loading ASGI app. Could not import module "app".
WARNING:  StatReload detected changes in 'routers/funds.py'. Reloading...
ERROR:    Error loading ASGI app. Could not import module "app".
WARNING:  StatReload detected changes in 'routers/funds.py'. Reloading...
ERROR:    Error loading ASGI app. Could not import module "app".
WARNING:  StatReload detected changes in 'routers/auth.py'. Reloading...
ERROR:    Error loading ASGI app. Could not import module "app".
WARNING:  StatReload detected changes in 'routers/auth.py'. Reloading...
ERROR:    Error loading ASGI app. Could not import module "app".
